<?xml version="1.0" encoding="UTF-8"?>
<coverage generated="1543536040967" clover="3.2.0">
  <project timestamp="1543536040967" name="All files">
    <metrics statements="97" coveredstatements="96" conditionals="62" coveredconditionals="61" methods="20" coveredmethods="18" elements="179" coveredelements="175" complexity="0" loc="97" ncloc="97" packages="2" files="3" classes="3">
      <package name="src">
        <metrics statements="11" coveredstatements="10" conditionals="2" coveredconditionals="2" methods="3" coveredmethods="1"/>
        <file name="performance-timer.js" path="C:\work\github\dkjs\src\performance-timer.js">
          <metrics statements="11" coveredstatements="10" conditionals="2" coveredconditionals="2" methods="3" coveredmethods="1"/>
          <line num="2" count="1" type="stmt"/>
          <line num="5" count="1" type="stmt"/>
          <line num="6" count="2" type="stmt"/>
          <line num="7" count="2" type="stmt"/>
          <line num="8" count="2" type="cond" truecount="2" falsecount="0"/>
          <line num="10" count="1" type="stmt"/>
          <line num="12" count="2" type="stmt"/>
          <line num="14" count="1" type="stmt"/>
          <line num="15" count="1" type="stmt"/>
          <line num="16" count="0" type="stmt"/>
          <line num="18" count="1" type="stmt"/>
        </file>
      </package>
      <package name="src.lifecycle.boot">
        <metrics statements="86" coveredstatements="86" conditionals="60" coveredconditionals="59" methods="17" coveredmethods="17"/>
        <file name="dk-class.js" path="C:\work\github\dkjs\src\lifecycle\boot\dk-class.js">
          <metrics statements="26" coveredstatements="26" conditionals="9" coveredconditionals="9" methods="8" coveredmethods="8"/>
          <line num="35" count="10" type="stmt"/>
          <line num="45" count="12" type="stmt"/>
          <line num="46" count="12" type="cond" truecount="2" falsecount="0"/>
          <line num="50" count="2" type="cond" truecount="2" falsecount="0"/>
          <line num="54" count="1" type="stmt"/>
          <line num="56" count="1" type="cond" truecount="1" falsecount="0"/>
          <line num="57" count="1" type="stmt"/>
          <line num="58" count="1" type="stmt"/>
          <line num="59" count="1" type="stmt"/>
          <line num="66" count="7" type="stmt"/>
          <line num="67" count="7" type="cond" truecount="2" falsecount="0"/>
          <line num="68" count="7" type="stmt"/>
          <line num="72" count="9" type="stmt"/>
          <line num="73" count="9" type="stmt"/>
          <line num="75" count="9" type="stmt"/>
          <line num="76" count="9" type="stmt"/>
          <line num="78" count="9" type="cond" truecount="2" falsecount="0"/>
          <line num="80" count="9" type="stmt"/>
          <line num="83" count="9" type="stmt"/>
          <line num="84" count="5" type="stmt"/>
          <line num="85" count="5" type="stmt"/>
          <line num="89" count="9" type="stmt"/>
          <line num="90" count="3" type="stmt"/>
          <line num="94" count="9" type="stmt"/>
          <line num="95" count="9" type="stmt"/>
          <line num="99" count="1" type="stmt"/>
        </file>
        <file name="dk-namespace.js" path="C:\work\github\dkjs\src\lifecycle\boot\dk-namespace.js">
          <metrics statements="60" coveredstatements="60" conditionals="51" coveredconditionals="50" methods="9" coveredmethods="9"/>
          <line num="24" count="4" type="stmt"/>
          <line num="25" count="4" type="stmt"/>
          <line num="26" count="4" type="stmt"/>
          <line num="27" count="17" type="cond" truecount="2" falsecount="0"/>
          <line num="28" count="10" type="cond" truecount="4" falsecount="0"/>
          <line num="29" count="2" type="stmt"/>
          <line num="31" count="8" type="stmt"/>
          <line num="34" count="17" type="stmt"/>
          <line num="36" count="4" type="stmt"/>
          <line num="46" count="2" type="stmt"/>
          <line num="47" count="2" type="stmt"/>
          <line num="48" count="2" type="stmt"/>
          <line num="49" count="11" type="cond" truecount="2" falsecount="0"/>
          <line num="51" count="2" type="stmt"/>
          <line num="62" count="1" type="stmt"/>
          <line num="71" count="1" type="stmt"/>
          <line num="82" count="1" type="stmt"/>
          <line num="83" count="1" type="stmt"/>
          <line num="84" count="1" type="stmt"/>
          <line num="86" count="4" type="cond" truecount="4" falsecount="0"/>
          <line num="87" count="1" type="stmt"/>
          <line num="88" count="3" type="cond" truecount="2" falsecount="0"/>
          <line num="89" count="1" type="stmt"/>
          <line num="91" count="2" type="cond" truecount="2" falsecount="0"/>
          <line num="92" count="1" type="stmt"/>
          <line num="94" count="1" type="stmt"/>
          <line num="98" count="1" type="stmt"/>
          <line num="101" count="8" type="stmt"/>
          <line num="102" count="8" type="cond" truecount="1" falsecount="1"/>
          <line num="103" count="7" type="cond" truecount="2" falsecount="0"/>
          <line num="104" count="3" type="stmt"/>
          <line num="106" count="4" type="stmt"/>
          <line num="109" count="7" type="stmt"/>
          <line num="110" count="6" type="cond" truecount="4" falsecount="0"/>
          <line num="111" count="4" type="stmt"/>
          <line num="114" count="7" type="stmt"/>
          <line num="117" count="1" type="stmt"/>
          <line num="121" count="1" type="stmt"/>
          <line num="122" count="17" type="cond" truecount="5" falsecount="0"/>
          <line num="123" count="1" type="stmt"/>
          <line num="125" count="16" type="cond" truecount="2" falsecount="0"/>
          <line num="126" count="1" type="stmt"/>
          <line num="128" count="15" type="cond" truecount="4" falsecount="0"/>
          <line num="129" count="4" type="stmt"/>
          <line num="131" count="11" type="cond" truecount="4" falsecount="0"/>
          <line num="132" count="1" type="stmt"/>
          <line num="134" count="10" type="cond" truecount="4" falsecount="0"/>
          <line num="135" count="1" type="stmt"/>
          <line num="137" count="9" type="cond" truecount="4" falsecount="0"/>
          <line num="138" count="8" type="stmt"/>
          <line num="141" count="1" type="stmt"/>
          <line num="144" count="1" type="stmt"/>
          <line num="145" count="17" type="cond" truecount="2" falsecount="0"/>
          <line num="146" count="1" type="stmt"/>
          <line num="147" count="16" type="stmt"/>
          <line num="148" count="16" type="stmt"/>
          <line num="149" count="16" type="stmt"/>
          <line num="150" count="16" type="cond" truecount="2" falsecount="0"/>
          <line num="151" count="14" type="stmt"/>
          <line num="154" count="14" type="stmt"/>
        </file>
      </package>
    </metrics>
  </project>
</coverage>
