{"C:\\work\\github\\dkjs\\src\\boot\\dk-class.js": {"path":"C:\\work\\github\\dkjs\\src\\boot\\dk-class.js","statementMap":{"0":{"start":{"line":32,"column":4},"end":{"line":37,"column":7}},"1":{"start":{"line":42,"column":8},"end":{"line":42,"column":35}},"2":{"start":{"line":43,"column":8},"end":{"line":43,"column":54}},"3":{"start":{"line":43,"column":37},"end":{"line":43,"column":54}},"4":{"start":{"line":47,"column":8},"end":{"line":47,"column":70}},"5":{"start":{"line":51,"column":19},"end":{"line":51,"column":32}},"6":{"start":{"line":53,"column":8},"end":{"line":59,"column":9}},"7":{"start":{"line":54,"column":21},"end":{"line":54,"column":36}},"8":{"start":{"line":55,"column":12},"end":{"line":55,"column":88}},"9":{"start":{"line":56,"column":12},"end":{"line":56,"column":22}},"10":{"start":{"line":63,"column":18},"end":{"line":63,"column":35}},"11":{"start":{"line":64,"column":8},"end":{"line":64,"column":54}},"12":{"start":{"line":64,"column":36},"end":{"line":64,"column":54}},"13":{"start":{"line":65,"column":8},"end":{"line":65,"column":19}},"14":{"start":{"line":69,"column":25},"end":{"line":69,"column":44}},"15":{"start":{"line":70,"column":8},"end":{"line":70,"column":35}},"16":{"start":{"line":72,"column":25},"end":{"line":72,"column":39}},"17":{"start":{"line":73,"column":8},"end":{"line":73,"column":30}},"18":{"start":{"line":75,"column":24},"end":{"line":75,"column":105}},"19":{"start":{"line":77,"column":8},"end":{"line":77,"column":39}},"20":{"start":{"line":80,"column":8},"end":{"line":83,"column":11}},"21":{"start":{"line":81,"column":20},"end":{"line":81,"column":64}},"22":{"start":{"line":82,"column":12},"end":{"line":82,"column":63}},"23":{"start":{"line":86,"column":8},"end":{"line":88,"column":9}},"24":{"start":{"line":87,"column":12},"end":{"line":87,"column":48}},"25":{"start":{"line":91,"column":8},"end":{"line":91,"column":48}},"26":{"start":{"line":91,"column":34},"end":{"line":91,"column":47}},"27":{"start":{"line":92,"column":8},"end":{"line":92,"column":24}}},"fnMap":{"0":{"name":"_set_name","decl":{"start":{"line":31,"column":9},"end":{"line":31,"column":18}},"loc":{"start":{"line":31,"column":30},"end":{"line":38,"column":1}},"line":31},"1":{"name":"(anonymous_1)","decl":{"start":{"line":41,"column":4},"end":{"line":41,"column":5}},"loc":{"start":{"line":41,"column":23},"end":{"line":44,"column":5}},"line":41},"2":{"name":"(anonymous_2)","decl":{"start":{"line":46,"column":4},"end":{"line":46,"column":5}},"loc":{"start":{"line":46,"column":21},"end":{"line":48,"column":5}},"line":46},"3":{"name":"(anonymous_3)","decl":{"start":{"line":50,"column":4},"end":{"line":50,"column":5}},"loc":{"start":{"line":50,"column":16},"end":{"line":60,"column":5}},"line":50},"4":{"name":"(anonymous_4)","decl":{"start":{"line":62,"column":4},"end":{"line":62,"column":5}},"loc":{"start":{"line":62,"column":27},"end":{"line":66,"column":5}},"line":62},"5":{"name":"(anonymous_5)","decl":{"start":{"line":68,"column":4},"end":{"line":68,"column":5}},"loc":{"start":{"line":68,"column":25},"end":{"line":93,"column":5}},"line":68},"6":{"name":"(anonymous_6)","decl":{"start":{"line":80,"column":50},"end":{"line":80,"column":51}},"loc":{"start":{"line":80,"column":58},"end":{"line":83,"column":9}},"line":80},"7":{"name":"(anonymous_7)","decl":{"start":{"line":91,"column":28},"end":{"line":91,"column":29}},"loc":{"start":{"line":91,"column":34},"end":{"line":91,"column":47}},"line":91}},"branchMap":{"0":{"loc":{"start":{"line":43,"column":8},"end":{"line":43,"column":54}},"type":"if","locations":[{"start":{"line":43,"column":8},"end":{"line":43,"column":54}},{"start":{"line":43,"column":8},"end":{"line":43,"column":54}}],"line":43},"1":{"loc":{"start":{"line":47,"column":15},"end":{"line":47,"column":69}},"type":"binary-expr","locations":[{"start":{"line":47,"column":15},"end":{"line":47,"column":30}},{"start":{"line":47,"column":34},"end":{"line":47,"column":69}}],"line":47},"2":{"loc":{"start":{"line":53,"column":8},"end":{"line":59,"column":9}},"type":"if","locations":[{"start":{"line":53,"column":8},"end":{"line":59,"column":9}}],"line":53},"3":{"loc":{"start":{"line":64,"column":8},"end":{"line":64,"column":54}},"type":"if","locations":[{"start":{"line":64,"column":8},"end":{"line":64,"column":54}},{"start":{"line":64,"column":8},"end":{"line":64,"column":54}}],"line":64},"4":{"loc":{"start":{"line":75,"column":24},"end":{"line":75,"column":105}},"type":"cond-expr","locations":[{"start":{"line":75,"column":37},"end":{"line":75,"column":47}},{"start":{"line":75,"column":51},"end":{"line":75,"column":104}}],"line":75}},"s":{"0":10,"1":12,"2":12,"3":2,"4":2,"5":1,"6":1,"7":1,"8":1,"9":1,"10":7,"11":7,"12":1,"13":7,"14":9,"15":9,"16":9,"17":9,"18":9,"19":9,"20":9,"21":5,"22":5,"23":9,"24":3,"25":9,"26":2,"27":9},"f":{"0":10,"1":12,"2":2,"3":1,"4":7,"5":9,"6":5,"7":2},"b":{"0":[2,10],"1":[2,1],"2":[1],"3":[1,6],"4":[2,7]},"_coverageSchema":"332fd63041d2c1bcb487cc26dd0d5f7d97098a6c","hash":"17b58f9a08e45d67fbedde66a08512ca66e32d63"}
,"C:\\work\\github\\dkjs\\src\\boot\\dk-namespace.js": {"path":"C:\\work\\github\\dkjs\\src\\boot\\dk-namespace.js","statementMap":{"0":{"start":{"line":1,"column":10},"end":{"line":1,"column":27}},"1":{"start":{"line":4,"column":0},"end":{"line":157,"column":2}},"2":{"start":{"line":22,"column":21},"end":{"line":22,"column":25}},"3":{"start":{"line":23,"column":20},"end":{"line":23,"column":42}},"4":{"start":{"line":24,"column":8},"end":{"line":33,"column":11}},"5":{"start":{"line":25,"column":12},"end":{"line":31,"column":13}},"6":{"start":{"line":26,"column":16},"end":{"line":30,"column":17}},"7":{"start":{"line":27,"column":20},"end":{"line":27,"column":41}},"8":{"start":{"line":29,"column":20},"end":{"line":29,"column":38}},"9":{"start":{"line":32,"column":12},"end":{"line":32,"column":34}},"10":{"start":{"line":34,"column":8},"end":{"line":34,"column":22}},"11":{"start":{"line":44,"column":21},"end":{"line":44,"column":36}},"12":{"start":{"line":45,"column":18},"end":{"line":45,"column":21}},"13":{"start":{"line":46,"column":8},"end":{"line":48,"column":11}},"14":{"start":{"line":47,"column":12},"end":{"line":47,"column":52}},"15":{"start":{"line":49,"column":8},"end":{"line":49,"column":19}},"16":{"start":{"line":60,"column":8},"end":{"line":60,"column":51}},"17":{"start":{"line":69,"column":8},"end":{"line":69,"column":42}},"18":{"start":{"line":80,"column":24},"end":{"line":80,"column":29}},"19":{"start":{"line":81,"column":23},"end":{"line":81,"column":28}},"20":{"start":{"line":82,"column":21},"end":{"line":117,"column":9}},"21":{"start":{"line":84,"column":16},"end":{"line":85,"column":97}},"22":{"start":{"line":85,"column":20},"end":{"line":85,"column":97}},"23":{"start":{"line":86,"column":16},"end":{"line":88,"column":17}},"24":{"start":{"line":87,"column":20},"end":{"line":87,"column":51}},"25":{"start":{"line":89,"column":16},"end":{"line":91,"column":17}},"26":{"start":{"line":90,"column":20},"end":{"line":90,"column":50}},"27":{"start":{"line":92,"column":16},"end":{"line":92,"column":25}},"28":{"start":{"line":96,"column":16},"end":{"line":96,"column":25}},"29":{"start":{"line":99,"column":26},"end":{"line":99,"column":28}},"30":{"start":{"line":100,"column":16},"end":{"line":106,"column":17}},"31":{"start":{"line":100,"column":36},"end":{"line":106,"column":17}},"32":{"start":{"line":101,"column":20},"end":{"line":105,"column":21}},"33":{"start":{"line":102,"column":24},"end":{"line":102,"column":64}},"34":{"start":{"line":104,"column":24},"end":{"line":104,"column":44}},"35":{"start":{"line":107,"column":16},"end":{"line":111,"column":17}},"36":{"start":{"line":108,"column":20},"end":{"line":110,"column":21}},"37":{"start":{"line":109,"column":24},"end":{"line":109,"column":44}},"38":{"start":{"line":112,"column":16},"end":{"line":112,"column":27}},"39":{"start":{"line":115,"column":16},"end":{"line":115,"column":35}},"40":{"start":{"line":119,"column":24},"end":{"line":140,"column":9}},"41":{"start":{"line":120,"column":12},"end":{"line":121,"column":25}},"42":{"start":{"line":121,"column":16},"end":{"line":121,"column":25}},"43":{"start":{"line":123,"column":12},"end":{"line":124,"column":101}},"44":{"start":{"line":124,"column":16},"end":{"line":124,"column":101}},"45":{"start":{"line":126,"column":12},"end":{"line":127,"column":43}},"46":{"start":{"line":127,"column":16},"end":{"line":127,"column":43}},"47":{"start":{"line":129,"column":12},"end":{"line":130,"column":44}},"48":{"start":{"line":130,"column":16},"end":{"line":130,"column":44}},"49":{"start":{"line":132,"column":12},"end":{"line":133,"column":42}},"50":{"start":{"line":133,"column":16},"end":{"line":133,"column":42}},"51":{"start":{"line":135,"column":12},"end":{"line":136,"column":43}},"52":{"start":{"line":136,"column":16},"end":{"line":136,"column":43}},"53":{"start":{"line":139,"column":12},"end":{"line":139,"column":21}},"54":{"start":{"line":142,"column":8},"end":{"line":153,"column":10}},"55":{"start":{"line":143,"column":12},"end":{"line":144,"column":33}},"56":{"start":{"line":144,"column":16},"end":{"line":144,"column":33}},"57":{"start":{"line":145,"column":22},"end":{"line":145,"column":34}},"58":{"start":{"line":146,"column":12},"end":{"line":151,"column":13}},"59":{"start":{"line":147,"column":31},"end":{"line":147,"column":43}},"60":{"start":{"line":148,"column":16},"end":{"line":150,"column":17}},"61":{"start":{"line":149,"column":20},"end":{"line":149,"column":51}},"62":{"start":{"line":152,"column":12},"end":{"line":152,"column":23}}},"fnMap":{"0":{"name":"(anonymous_0)","decl":{"start":{"line":24,"column":22},"end":{"line":24,"column":23}},"loc":{"start":{"line":24,"column":35},"end":{"line":33,"column":9}},"line":24},"1":{"name":"(anonymous_1)","decl":{"start":{"line":46,"column":23},"end":{"line":46,"column":24}},"loc":{"start":{"line":46,"column":39},"end":{"line":48,"column":9}},"line":46},"2":{"name":"(anonymous_2)","decl":{"start":{"line":79,"column":12},"end":{"line":79,"column":13}},"loc":{"start":{"line":79,"column":24},"end":{"line":155,"column":5}},"line":79},"3":{"name":"(anonymous_3)","decl":{"start":{"line":83,"column":20},"end":{"line":83,"column":21}},"loc":{"start":{"line":83,"column":36},"end":{"line":93,"column":13}},"line":83},"4":{"name":"(anonymous_4)","decl":{"start":{"line":94,"column":21},"end":{"line":94,"column":22}},"loc":{"start":{"line":94,"column":37},"end":{"line":97,"column":13}},"line":94},"5":{"name":"(anonymous_5)","decl":{"start":{"line":98,"column":20},"end":{"line":98,"column":21}},"loc":{"start":{"line":98,"column":36},"end":{"line":113,"column":13}},"line":98},"6":{"name":"(anonymous_6)","decl":{"start":{"line":114,"column":19},"end":{"line":114,"column":20}},"loc":{"start":{"line":114,"column":35},"end":{"line":116,"column":13}},"line":114},"7":{"name":"(anonymous_7)","decl":{"start":{"line":119,"column":24},"end":{"line":119,"column":25}},"loc":{"start":{"line":119,"column":40},"end":{"line":140,"column":9}},"line":119},"8":{"name":"(anonymous_8)","decl":{"start":{"line":142,"column":15},"end":{"line":142,"column":16}},"loc":{"start":{"line":142,"column":27},"end":{"line":153,"column":9}},"line":142}},"branchMap":{"0":{"loc":{"start":{"line":25,"column":12},"end":{"line":31,"column":13}},"type":"if","locations":[{"start":{"line":25,"column":12},"end":{"line":31,"column":13}},{"start":{"line":25,"column":12},"end":{"line":31,"column":13}}],"line":25},"1":{"loc":{"start":{"line":26,"column":16},"end":{"line":30,"column":17}},"type":"if","locations":[{"start":{"line":26,"column":16},"end":{"line":30,"column":17}},{"start":{"line":26,"column":16},"end":{"line":30,"column":17}}],"line":26},"2":{"loc":{"start":{"line":26,"column":20},"end":{"line":26,"column":65}},"type":"binary-expr","locations":[{"start":{"line":26,"column":20},"end":{"line":26,"column":42}},{"start":{"line":26,"column":46},"end":{"line":26,"column":65}}],"line":26},"3":{"loc":{"start":{"line":47,"column":18},"end":{"line":47,"column":51}},"type":"cond-expr","locations":[{"start":{"line":47,"column":36},"end":{"line":47,"column":39}},{"start":{"line":47,"column":42},"end":{"line":47,"column":51}}],"line":47},"4":{"loc":{"start":{"line":84,"column":16},"end":{"line":85,"column":97}},"type":"if","locations":[{"start":{"line":84,"column":16},"end":{"line":85,"column":97}},{"start":{"line":84,"column":16},"end":{"line":85,"column":97}}],"line":84},"5":{"loc":{"start":{"line":84,"column":20},"end":{"line":84,"column":57}},"type":"binary-expr","locations":[{"start":{"line":84,"column":20},"end":{"line":84,"column":36}},{"start":{"line":84,"column":40},"end":{"line":84,"column":57}}],"line":84},"6":{"loc":{"start":{"line":86,"column":16},"end":{"line":88,"column":17}},"type":"if","locations":[{"start":{"line":86,"column":16},"end":{"line":88,"column":17}},{"start":{"line":86,"column":16},"end":{"line":88,"column":17}}],"line":86},"7":{"loc":{"start":{"line":89,"column":16},"end":{"line":91,"column":17}},"type":"if","locations":[{"start":{"line":89,"column":16},"end":{"line":91,"column":17}},{"start":{"line":89,"column":16},"end":{"line":91,"column":17}}],"line":89},"8":{"loc":{"start":{"line":100,"column":36},"end":{"line":106,"column":17}},"type":"if","locations":[{"start":{"line":100,"column":36},"end":{"line":106,"column":17}},{"start":{"line":100,"column":36},"end":{"line":106,"column":17}}],"line":100},"9":{"loc":{"start":{"line":101,"column":20},"end":{"line":105,"column":21}},"type":"if","locations":[{"start":{"line":101,"column":20},"end":{"line":105,"column":21}},{"start":{"line":101,"column":20},"end":{"line":105,"column":21}}],"line":101},"10":{"loc":{"start":{"line":108,"column":20},"end":{"line":110,"column":21}},"type":"if","locations":[{"start":{"line":108,"column":20},"end":{"line":110,"column":21}},{"start":{"line":108,"column":20},"end":{"line":110,"column":21}}],"line":108},"11":{"loc":{"start":{"line":108,"column":24},"end":{"line":108,"column":73}},"type":"binary-expr","locations":[{"start":{"line":108,"column":24},"end":{"line":108,"column":46}},{"start":{"line":108,"column":50},"end":{"line":108,"column":73}}],"line":108},"12":{"loc":{"start":{"line":120,"column":12},"end":{"line":121,"column":25}},"type":"if","locations":[{"start":{"line":120,"column":12},"end":{"line":121,"column":25}},{"start":{"line":120,"column":12},"end":{"line":121,"column":25}}],"line":120},"13":{"loc":{"start":{"line":120,"column":16},"end":{"line":120,"column":66}},"type":"binary-expr","locations":[{"start":{"line":120,"column":16},"end":{"line":120,"column":31}},{"start":{"line":120,"column":35},"end":{"line":120,"column":51}},{"start":{"line":120,"column":55},"end":{"line":120,"column":66}}],"line":120},"14":{"loc":{"start":{"line":123,"column":12},"end":{"line":124,"column":101}},"type":"if","locations":[{"start":{"line":123,"column":12},"end":{"line":124,"column":101}},{"start":{"line":123,"column":12},"end":{"line":124,"column":101}}],"line":123},"15":{"loc":{"start":{"line":126,"column":12},"end":{"line":127,"column":43}},"type":"if","locations":[{"start":{"line":126,"column":12},"end":{"line":127,"column":43}},{"start":{"line":126,"column":12},"end":{"line":127,"column":43}}],"line":126},"16":{"loc":{"start":{"line":126,"column":16},"end":{"line":126,"column":46}},"type":"binary-expr","locations":[{"start":{"line":126,"column":16},"end":{"line":126,"column":29}},{"start":{"line":126,"column":33},"end":{"line":126,"column":46}}],"line":126},"17":{"loc":{"start":{"line":129,"column":12},"end":{"line":130,"column":44}},"type":"if","locations":[{"start":{"line":129,"column":12},"end":{"line":130,"column":44}},{"start":{"line":129,"column":12},"end":{"line":130,"column":44}}],"line":129},"18":{"loc":{"start":{"line":129,"column":16},"end":{"line":129,"column":48}},"type":"binary-expr","locations":[{"start":{"line":129,"column":16},"end":{"line":129,"column":30}},{"start":{"line":129,"column":34},"end":{"line":129,"column":48}}],"line":129},"19":{"loc":{"start":{"line":132,"column":12},"end":{"line":133,"column":42}},"type":"if","locations":[{"start":{"line":132,"column":12},"end":{"line":133,"column":42}},{"start":{"line":132,"column":12},"end":{"line":133,"column":42}}],"line":132},"20":{"loc":{"start":{"line":132,"column":16},"end":{"line":132,"column":44}},"type":"binary-expr","locations":[{"start":{"line":132,"column":16},"end":{"line":132,"column":28}},{"start":{"line":132,"column":32},"end":{"line":132,"column":44}}],"line":132},"21":{"loc":{"start":{"line":135,"column":12},"end":{"line":136,"column":43}},"type":"if","locations":[{"start":{"line":135,"column":12},"end":{"line":136,"column":43}},{"start":{"line":135,"column":12},"end":{"line":136,"column":43}}],"line":135},"22":{"loc":{"start":{"line":135,"column":16},"end":{"line":135,"column":46}},"type":"binary-expr","locations":[{"start":{"line":135,"column":16},"end":{"line":135,"column":29}},{"start":{"line":135,"column":33},"end":{"line":135,"column":46}}],"line":135},"23":{"loc":{"start":{"line":143,"column":12},"end":{"line":144,"column":33}},"type":"if","locations":[{"start":{"line":143,"column":12},"end":{"line":144,"column":33}},{"start":{"line":143,"column":12},"end":{"line":144,"column":33}}],"line":143},"24":{"loc":{"start":{"line":148,"column":16},"end":{"line":150,"column":17}},"type":"if","locations":[{"start":{"line":148,"column":16},"end":{"line":150,"column":17}},{"start":{"line":148,"column":16},"end":{"line":150,"column":17}}],"line":148}},"s":{"0":1,"1":1,"2":4,"3":4,"4":4,"5":17,"6":10,"7":2,"8":8,"9":17,"10":4,"11":2,"12":2,"13":2,"14":11,"15":2,"16":1,"17":1,"18":1,"19":1,"20":1,"21":4,"22":1,"23":3,"24":1,"25":2,"26":1,"27":1,"28":1,"29":8,"30":8,"31":7,"32":7,"33":3,"34":4,"35":7,"36":6,"37":4,"38":7,"39":1,"40":1,"41":17,"42":1,"43":16,"44":1,"45":15,"46":4,"47":11,"48":1,"49":10,"50":1,"51":9,"52":8,"53":1,"54":1,"55":17,"56":1,"57":16,"58":16,"59":16,"60":16,"61":14,"62":14},"f":{"0":17,"1":11,"2":1,"3":4,"4":1,"5":8,"6":1,"7":17,"8":17},"b":{"0":[10,7],"1":[2,8],"2":[10,4],"3":[1,10],"4":[1,3],"5":[4,2],"6":[1,2],"7":[1,1],"8":[7,0],"9":[3,4],"10":[4,2],"11":[6,6],"12":[1,16],"13":[17,17,17],"14":[1,15],"15":[4,11],"16":[15,4],"17":[1,10],"18":[11,1],"19":[1,9],"20":[10,1],"21":[8,1],"22":[9,8],"23":[1,16],"24":[14,2]},"_coverageSchema":"332fd63041d2c1bcb487cc26dd0d5f7d97098a6c","hash":"fd8e2cb65c4c85910881fe569c1e0f67be1df1a6"}
}
