{"C:\\work\\github\\dkjs\\src\\performance-timer.js": {"path":"C:\\work\\github\\dkjs\\src\\performance-timer.js","statementMap":{"0":{"start":{"line":2,"column":14},"end":{"line":2,"column":39}},"1":{"start":{"line":5,"column":21},"end":{"line":13,"column":1}},"2":{"start":{"line":6,"column":16},"end":{"line":6,"column":33}},"3":{"start":{"line":7,"column":15},"end":{"line":7,"column":18}},"4":{"start":{"line":8,"column":4},"end":{"line":11,"column":5}},"5":{"start":{"line":10,"column":8},"end":{"line":10,"column":70}},"6":{"start":{"line":12,"column":4},"end":{"line":12,"column":51}},"7":{"start":{"line":14,"column":0},"end":{"line":14,"column":25}},"8":{"start":{"line":15,"column":0},"end":{"line":17,"column":2}},"9":{"start":{"line":16,"column":4},"end":{"line":16,"column":99}},"10":{"start":{"line":16,"column":58},"end":{"line":16,"column":97}},"11":{"start":{"line":18,"column":0},"end":{"line":18,"column":35}}},"fnMap":{"0":{"name":"(anonymous_0)","decl":{"start":{"line":5,"column":21},"end":{"line":5,"column":22}},"loc":{"start":{"line":5,"column":28},"end":{"line":13,"column":1}},"line":5},"1":{"name":"(anonymous_1)","decl":{"start":{"line":15,"column":24},"end":{"line":15,"column":25}},"loc":{"start":{"line":15,"column":30},"end":{"line":17,"column":1}},"line":15},"2":{"name":"(anonymous_2)","decl":{"start":{"line":16,"column":32},"end":{"line":16,"column":33}},"loc":{"start":{"line":16,"column":58},"end":{"line":16,"column":97}},"line":16}},"branchMap":{"0":{"loc":{"start":{"line":8,"column":4},"end":{"line":11,"column":5}},"type":"if","locations":[{"start":{"line":8,"column":4},"end":{"line":11,"column":5}},{"start":{"line":8,"column":4},"end":{"line":11,"column":5}}],"line":8}},"s":{"0":1,"1":1,"2":2,"3":2,"4":2,"5":1,"6":2,"7":1,"8":1,"9":0,"10":0,"11":1},"f":{"0":2,"1":0,"2":0},"b":{"0":[1,1]},"_coverageSchema":"332fd63041d2c1bcb487cc26dd0d5f7d97098a6c","hash":"04c25cd007ca955a5f2f19cabc082a68ea36093c"}
,"C:\\work\\github\\dkjs\\src\\lifecycle\\boot\\dk-class.js": {"path":"C:\\work\\github\\dkjs\\src\\lifecycle\\boot\\dk-class.js","statementMap":{"0":{"start":{"line":35,"column":4},"end":{"line":40,"column":7}},"1":{"start":{"line":45,"column":8},"end":{"line":45,"column":35}},"2":{"start":{"line":46,"column":8},"end":{"line":46,"column":54}},"3":{"start":{"line":46,"column":37},"end":{"line":46,"column":54}},"4":{"start":{"line":50,"column":8},"end":{"line":50,"column":70}},"5":{"start":{"line":54,"column":19},"end":{"line":54,"column":32}},"6":{"start":{"line":56,"column":8},"end":{"line":62,"column":9}},"7":{"start":{"line":57,"column":21},"end":{"line":57,"column":36}},"8":{"start":{"line":58,"column":12},"end":{"line":58,"column":88}},"9":{"start":{"line":59,"column":12},"end":{"line":59,"column":22}},"10":{"start":{"line":66,"column":18},"end":{"line":66,"column":35}},"11":{"start":{"line":67,"column":8},"end":{"line":67,"column":54}},"12":{"start":{"line":67,"column":36},"end":{"line":67,"column":54}},"13":{"start":{"line":68,"column":8},"end":{"line":68,"column":19}},"14":{"start":{"line":72,"column":25},"end":{"line":72,"column":44}},"15":{"start":{"line":73,"column":8},"end":{"line":73,"column":35}},"16":{"start":{"line":75,"column":25},"end":{"line":75,"column":39}},"17":{"start":{"line":76,"column":8},"end":{"line":76,"column":30}},"18":{"start":{"line":78,"column":24},"end":{"line":78,"column":105}},"19":{"start":{"line":80,"column":8},"end":{"line":80,"column":39}},"20":{"start":{"line":83,"column":8},"end":{"line":86,"column":11}},"21":{"start":{"line":84,"column":20},"end":{"line":84,"column":64}},"22":{"start":{"line":85,"column":12},"end":{"line":85,"column":63}},"23":{"start":{"line":89,"column":8},"end":{"line":91,"column":9}},"24":{"start":{"line":90,"column":12},"end":{"line":90,"column":48}},"25":{"start":{"line":94,"column":8},"end":{"line":94,"column":48}},"26":{"start":{"line":94,"column":34},"end":{"line":94,"column":47}},"27":{"start":{"line":95,"column":8},"end":{"line":95,"column":24}},"28":{"start":{"line":99,"column":0},"end":{"line":99,"column":24}}},"fnMap":{"0":{"name":"_set_name","decl":{"start":{"line":34,"column":9},"end":{"line":34,"column":18}},"loc":{"start":{"line":34,"column":30},"end":{"line":41,"column":1}},"line":34},"1":{"name":"(anonymous_1)","decl":{"start":{"line":44,"column":4},"end":{"line":44,"column":5}},"loc":{"start":{"line":44,"column":23},"end":{"line":47,"column":5}},"line":44},"2":{"name":"(anonymous_2)","decl":{"start":{"line":49,"column":4},"end":{"line":49,"column":5}},"loc":{"start":{"line":49,"column":21},"end":{"line":51,"column":5}},"line":49},"3":{"name":"(anonymous_3)","decl":{"start":{"line":53,"column":4},"end":{"line":53,"column":5}},"loc":{"start":{"line":53,"column":16},"end":{"line":63,"column":5}},"line":53},"4":{"name":"(anonymous_4)","decl":{"start":{"line":65,"column":4},"end":{"line":65,"column":5}},"loc":{"start":{"line":65,"column":27},"end":{"line":69,"column":5}},"line":65},"5":{"name":"(anonymous_5)","decl":{"start":{"line":71,"column":4},"end":{"line":71,"column":5}},"loc":{"start":{"line":71,"column":25},"end":{"line":96,"column":5}},"line":71},"6":{"name":"(anonymous_6)","decl":{"start":{"line":83,"column":50},"end":{"line":83,"column":51}},"loc":{"start":{"line":83,"column":58},"end":{"line":86,"column":9}},"line":83},"7":{"name":"(anonymous_7)","decl":{"start":{"line":94,"column":28},"end":{"line":94,"column":29}},"loc":{"start":{"line":94,"column":34},"end":{"line":94,"column":47}},"line":94}},"branchMap":{"0":{"loc":{"start":{"line":46,"column":8},"end":{"line":46,"column":54}},"type":"if","locations":[{"start":{"line":46,"column":8},"end":{"line":46,"column":54}},{"start":{"line":46,"column":8},"end":{"line":46,"column":54}}],"line":46},"1":{"loc":{"start":{"line":50,"column":15},"end":{"line":50,"column":69}},"type":"binary-expr","locations":[{"start":{"line":50,"column":15},"end":{"line":50,"column":30}},{"start":{"line":50,"column":34},"end":{"line":50,"column":69}}],"line":50},"2":{"loc":{"start":{"line":56,"column":8},"end":{"line":62,"column":9}},"type":"if","locations":[{"start":{"line":56,"column":8},"end":{"line":62,"column":9}}],"line":56},"3":{"loc":{"start":{"line":67,"column":8},"end":{"line":67,"column":54}},"type":"if","locations":[{"start":{"line":67,"column":8},"end":{"line":67,"column":54}},{"start":{"line":67,"column":8},"end":{"line":67,"column":54}}],"line":67},"4":{"loc":{"start":{"line":78,"column":24},"end":{"line":78,"column":105}},"type":"cond-expr","locations":[{"start":{"line":78,"column":37},"end":{"line":78,"column":47}},{"start":{"line":78,"column":51},"end":{"line":78,"column":104}}],"line":78}},"s":{"0":10,"1":12,"2":12,"3":2,"4":2,"5":1,"6":1,"7":1,"8":1,"9":1,"10":7,"11":7,"12":1,"13":7,"14":9,"15":9,"16":9,"17":9,"18":9,"19":9,"20":9,"21":5,"22":5,"23":9,"24":3,"25":9,"26":2,"27":9,"28":1},"f":{"0":10,"1":12,"2":2,"3":1,"4":7,"5":9,"6":5,"7":2},"b":{"0":[2,10],"1":[2,1],"2":[1],"3":[1,6],"4":[2,7]},"_coverageSchema":"332fd63041d2c1bcb487cc26dd0d5f7d97098a6c","hash":"6cbf3707ade1141c0c0b534919c684c0bff51c72"}
,"C:\\work\\github\\dkjs\\src\\lifecycle\\boot\\dk-namespace.js": {"path":"C:\\work\\github\\dkjs\\src\\lifecycle\\boot\\dk-namespace.js","statementMap":{"0":{"start":{"line":24,"column":21},"end":{"line":24,"column":25}},"1":{"start":{"line":25,"column":20},"end":{"line":25,"column":42}},"2":{"start":{"line":26,"column":8},"end":{"line":35,"column":11}},"3":{"start":{"line":27,"column":12},"end":{"line":33,"column":13}},"4":{"start":{"line":28,"column":16},"end":{"line":32,"column":17}},"5":{"start":{"line":29,"column":20},"end":{"line":29,"column":41}},"6":{"start":{"line":31,"column":20},"end":{"line":31,"column":38}},"7":{"start":{"line":34,"column":12},"end":{"line":34,"column":34}},"8":{"start":{"line":36,"column":8},"end":{"line":36,"column":22}},"9":{"start":{"line":46,"column":21},"end":{"line":46,"column":36}},"10":{"start":{"line":47,"column":18},"end":{"line":47,"column":21}},"11":{"start":{"line":48,"column":8},"end":{"line":50,"column":11}},"12":{"start":{"line":49,"column":12},"end":{"line":49,"column":52}},"13":{"start":{"line":51,"column":8},"end":{"line":51,"column":19}},"14":{"start":{"line":62,"column":8},"end":{"line":62,"column":51}},"15":{"start":{"line":71,"column":8},"end":{"line":71,"column":42}},"16":{"start":{"line":82,"column":24},"end":{"line":82,"column":29}},"17":{"start":{"line":83,"column":23},"end":{"line":83,"column":28}},"18":{"start":{"line":84,"column":21},"end":{"line":119,"column":9}},"19":{"start":{"line":86,"column":16},"end":{"line":87,"column":97}},"20":{"start":{"line":87,"column":20},"end":{"line":87,"column":97}},"21":{"start":{"line":88,"column":16},"end":{"line":90,"column":17}},"22":{"start":{"line":89,"column":20},"end":{"line":89,"column":51}},"23":{"start":{"line":91,"column":16},"end":{"line":93,"column":17}},"24":{"start":{"line":92,"column":20},"end":{"line":92,"column":50}},"25":{"start":{"line":94,"column":16},"end":{"line":94,"column":25}},"26":{"start":{"line":98,"column":16},"end":{"line":98,"column":25}},"27":{"start":{"line":101,"column":26},"end":{"line":101,"column":28}},"28":{"start":{"line":102,"column":16},"end":{"line":108,"column":17}},"29":{"start":{"line":102,"column":36},"end":{"line":108,"column":17}},"30":{"start":{"line":103,"column":20},"end":{"line":107,"column":21}},"31":{"start":{"line":104,"column":24},"end":{"line":104,"column":64}},"32":{"start":{"line":106,"column":24},"end":{"line":106,"column":44}},"33":{"start":{"line":109,"column":16},"end":{"line":113,"column":17}},"34":{"start":{"line":110,"column":20},"end":{"line":112,"column":21}},"35":{"start":{"line":111,"column":24},"end":{"line":111,"column":44}},"36":{"start":{"line":114,"column":16},"end":{"line":114,"column":27}},"37":{"start":{"line":117,"column":16},"end":{"line":117,"column":35}},"38":{"start":{"line":121,"column":24},"end":{"line":142,"column":9}},"39":{"start":{"line":122,"column":12},"end":{"line":123,"column":25}},"40":{"start":{"line":123,"column":16},"end":{"line":123,"column":25}},"41":{"start":{"line":125,"column":12},"end":{"line":126,"column":101}},"42":{"start":{"line":126,"column":16},"end":{"line":126,"column":101}},"43":{"start":{"line":128,"column":12},"end":{"line":129,"column":43}},"44":{"start":{"line":129,"column":16},"end":{"line":129,"column":43}},"45":{"start":{"line":131,"column":12},"end":{"line":132,"column":44}},"46":{"start":{"line":132,"column":16},"end":{"line":132,"column":44}},"47":{"start":{"line":134,"column":12},"end":{"line":135,"column":42}},"48":{"start":{"line":135,"column":16},"end":{"line":135,"column":42}},"49":{"start":{"line":137,"column":12},"end":{"line":138,"column":43}},"50":{"start":{"line":138,"column":16},"end":{"line":138,"column":43}},"51":{"start":{"line":141,"column":12},"end":{"line":141,"column":21}},"52":{"start":{"line":144,"column":8},"end":{"line":155,"column":10}},"53":{"start":{"line":145,"column":12},"end":{"line":146,"column":33}},"54":{"start":{"line":146,"column":16},"end":{"line":146,"column":33}},"55":{"start":{"line":147,"column":22},"end":{"line":147,"column":34}},"56":{"start":{"line":148,"column":12},"end":{"line":153,"column":13}},"57":{"start":{"line":149,"column":31},"end":{"line":149,"column":43}},"58":{"start":{"line":150,"column":16},"end":{"line":152,"column":17}},"59":{"start":{"line":151,"column":20},"end":{"line":151,"column":51}},"60":{"start":{"line":154,"column":12},"end":{"line":154,"column":23}}},"fnMap":{"0":{"name":"(anonymous_0)","decl":{"start":{"line":26,"column":22},"end":{"line":26,"column":23}},"loc":{"start":{"line":26,"column":35},"end":{"line":35,"column":9}},"line":26},"1":{"name":"(anonymous_1)","decl":{"start":{"line":48,"column":23},"end":{"line":48,"column":24}},"loc":{"start":{"line":48,"column":39},"end":{"line":50,"column":9}},"line":48},"2":{"name":"(anonymous_2)","decl":{"start":{"line":81,"column":12},"end":{"line":81,"column":13}},"loc":{"start":{"line":81,"column":24},"end":{"line":157,"column":5}},"line":81},"3":{"name":"(anonymous_3)","decl":{"start":{"line":85,"column":20},"end":{"line":85,"column":21}},"loc":{"start":{"line":85,"column":36},"end":{"line":95,"column":13}},"line":85},"4":{"name":"(anonymous_4)","decl":{"start":{"line":96,"column":21},"end":{"line":96,"column":22}},"loc":{"start":{"line":96,"column":37},"end":{"line":99,"column":13}},"line":96},"5":{"name":"(anonymous_5)","decl":{"start":{"line":100,"column":20},"end":{"line":100,"column":21}},"loc":{"start":{"line":100,"column":36},"end":{"line":115,"column":13}},"line":100},"6":{"name":"(anonymous_6)","decl":{"start":{"line":116,"column":19},"end":{"line":116,"column":20}},"loc":{"start":{"line":116,"column":35},"end":{"line":118,"column":13}},"line":116},"7":{"name":"(anonymous_7)","decl":{"start":{"line":121,"column":24},"end":{"line":121,"column":25}},"loc":{"start":{"line":121,"column":40},"end":{"line":142,"column":9}},"line":121},"8":{"name":"(anonymous_8)","decl":{"start":{"line":144,"column":15},"end":{"line":144,"column":16}},"loc":{"start":{"line":144,"column":27},"end":{"line":155,"column":9}},"line":144}},"branchMap":{"0":{"loc":{"start":{"line":27,"column":12},"end":{"line":33,"column":13}},"type":"if","locations":[{"start":{"line":27,"column":12},"end":{"line":33,"column":13}},{"start":{"line":27,"column":12},"end":{"line":33,"column":13}}],"line":27},"1":{"loc":{"start":{"line":28,"column":16},"end":{"line":32,"column":17}},"type":"if","locations":[{"start":{"line":28,"column":16},"end":{"line":32,"column":17}},{"start":{"line":28,"column":16},"end":{"line":32,"column":17}}],"line":28},"2":{"loc":{"start":{"line":28,"column":20},"end":{"line":28,"column":65}},"type":"binary-expr","locations":[{"start":{"line":28,"column":20},"end":{"line":28,"column":42}},{"start":{"line":28,"column":46},"end":{"line":28,"column":65}}],"line":28},"3":{"loc":{"start":{"line":49,"column":18},"end":{"line":49,"column":51}},"type":"cond-expr","locations":[{"start":{"line":49,"column":36},"end":{"line":49,"column":39}},{"start":{"line":49,"column":42},"end":{"line":49,"column":51}}],"line":49},"4":{"loc":{"start":{"line":86,"column":16},"end":{"line":87,"column":97}},"type":"if","locations":[{"start":{"line":86,"column":16},"end":{"line":87,"column":97}},{"start":{"line":86,"column":16},"end":{"line":87,"column":97}}],"line":86},"5":{"loc":{"start":{"line":86,"column":20},"end":{"line":86,"column":57}},"type":"binary-expr","locations":[{"start":{"line":86,"column":20},"end":{"line":86,"column":36}},{"start":{"line":86,"column":40},"end":{"line":86,"column":57}}],"line":86},"6":{"loc":{"start":{"line":88,"column":16},"end":{"line":90,"column":17}},"type":"if","locations":[{"start":{"line":88,"column":16},"end":{"line":90,"column":17}},{"start":{"line":88,"column":16},"end":{"line":90,"column":17}}],"line":88},"7":{"loc":{"start":{"line":91,"column":16},"end":{"line":93,"column":17}},"type":"if","locations":[{"start":{"line":91,"column":16},"end":{"line":93,"column":17}},{"start":{"line":91,"column":16},"end":{"line":93,"column":17}}],"line":91},"8":{"loc":{"start":{"line":102,"column":36},"end":{"line":108,"column":17}},"type":"if","locations":[{"start":{"line":102,"column":36},"end":{"line":108,"column":17}},{"start":{"line":102,"column":36},"end":{"line":108,"column":17}}],"line":102},"9":{"loc":{"start":{"line":103,"column":20},"end":{"line":107,"column":21}},"type":"if","locations":[{"start":{"line":103,"column":20},"end":{"line":107,"column":21}},{"start":{"line":103,"column":20},"end":{"line":107,"column":21}}],"line":103},"10":{"loc":{"start":{"line":110,"column":20},"end":{"line":112,"column":21}},"type":"if","locations":[{"start":{"line":110,"column":20},"end":{"line":112,"column":21}},{"start":{"line":110,"column":20},"end":{"line":112,"column":21}}],"line":110},"11":{"loc":{"start":{"line":110,"column":24},"end":{"line":110,"column":73}},"type":"binary-expr","locations":[{"start":{"line":110,"column":24},"end":{"line":110,"column":46}},{"start":{"line":110,"column":50},"end":{"line":110,"column":73}}],"line":110},"12":{"loc":{"start":{"line":122,"column":12},"end":{"line":123,"column":25}},"type":"if","locations":[{"start":{"line":122,"column":12},"end":{"line":123,"column":25}},{"start":{"line":122,"column":12},"end":{"line":123,"column":25}}],"line":122},"13":{"loc":{"start":{"line":122,"column":16},"end":{"line":122,"column":66}},"type":"binary-expr","locations":[{"start":{"line":122,"column":16},"end":{"line":122,"column":31}},{"start":{"line":122,"column":35},"end":{"line":122,"column":51}},{"start":{"line":122,"column":55},"end":{"line":122,"column":66}}],"line":122},"14":{"loc":{"start":{"line":125,"column":12},"end":{"line":126,"column":101}},"type":"if","locations":[{"start":{"line":125,"column":12},"end":{"line":126,"column":101}},{"start":{"line":125,"column":12},"end":{"line":126,"column":101}}],"line":125},"15":{"loc":{"start":{"line":128,"column":12},"end":{"line":129,"column":43}},"type":"if","locations":[{"start":{"line":128,"column":12},"end":{"line":129,"column":43}},{"start":{"line":128,"column":12},"end":{"line":129,"column":43}}],"line":128},"16":{"loc":{"start":{"line":128,"column":16},"end":{"line":128,"column":46}},"type":"binary-expr","locations":[{"start":{"line":128,"column":16},"end":{"line":128,"column":29}},{"start":{"line":128,"column":33},"end":{"line":128,"column":46}}],"line":128},"17":{"loc":{"start":{"line":131,"column":12},"end":{"line":132,"column":44}},"type":"if","locations":[{"start":{"line":131,"column":12},"end":{"line":132,"column":44}},{"start":{"line":131,"column":12},"end":{"line":132,"column":44}}],"line":131},"18":{"loc":{"start":{"line":131,"column":16},"end":{"line":131,"column":48}},"type":"binary-expr","locations":[{"start":{"line":131,"column":16},"end":{"line":131,"column":30}},{"start":{"line":131,"column":34},"end":{"line":131,"column":48}}],"line":131},"19":{"loc":{"start":{"line":134,"column":12},"end":{"line":135,"column":42}},"type":"if","locations":[{"start":{"line":134,"column":12},"end":{"line":135,"column":42}},{"start":{"line":134,"column":12},"end":{"line":135,"column":42}}],"line":134},"20":{"loc":{"start":{"line":134,"column":16},"end":{"line":134,"column":44}},"type":"binary-expr","locations":[{"start":{"line":134,"column":16},"end":{"line":134,"column":28}},{"start":{"line":134,"column":32},"end":{"line":134,"column":44}}],"line":134},"21":{"loc":{"start":{"line":137,"column":12},"end":{"line":138,"column":43}},"type":"if","locations":[{"start":{"line":137,"column":12},"end":{"line":138,"column":43}},{"start":{"line":137,"column":12},"end":{"line":138,"column":43}}],"line":137},"22":{"loc":{"start":{"line":137,"column":16},"end":{"line":137,"column":46}},"type":"binary-expr","locations":[{"start":{"line":137,"column":16},"end":{"line":137,"column":29}},{"start":{"line":137,"column":33},"end":{"line":137,"column":46}}],"line":137},"23":{"loc":{"start":{"line":145,"column":12},"end":{"line":146,"column":33}},"type":"if","locations":[{"start":{"line":145,"column":12},"end":{"line":146,"column":33}},{"start":{"line":145,"column":12},"end":{"line":146,"column":33}}],"line":145},"24":{"loc":{"start":{"line":150,"column":16},"end":{"line":152,"column":17}},"type":"if","locations":[{"start":{"line":150,"column":16},"end":{"line":152,"column":17}},{"start":{"line":150,"column":16},"end":{"line":152,"column":17}}],"line":150}},"s":{"0":4,"1":4,"2":4,"3":17,"4":10,"5":2,"6":8,"7":17,"8":4,"9":2,"10":2,"11":2,"12":11,"13":2,"14":1,"15":1,"16":1,"17":1,"18":1,"19":4,"20":1,"21":3,"22":1,"23":2,"24":1,"25":1,"26":1,"27":8,"28":8,"29":7,"30":7,"31":3,"32":4,"33":7,"34":6,"35":4,"36":7,"37":1,"38":1,"39":17,"40":1,"41":16,"42":1,"43":15,"44":4,"45":11,"46":1,"47":10,"48":1,"49":9,"50":8,"51":1,"52":1,"53":17,"54":1,"55":16,"56":16,"57":16,"58":16,"59":14,"60":14},"f":{"0":17,"1":11,"2":1,"3":4,"4":1,"5":8,"6":1,"7":17,"8":17},"b":{"0":[10,7],"1":[2,8],"2":[10,4],"3":[1,10],"4":[1,3],"5":[4,2],"6":[1,2],"7":[1,1],"8":[7,0],"9":[3,4],"10":[4,2],"11":[6,6],"12":[1,16],"13":[17,17,17],"14":[1,15],"15":[4,11],"16":[15,4],"17":[1,10],"18":[11,1],"19":[1,9],"20":[10,1],"21":[8,1],"22":[9,8],"23":[1,16],"24":[14,2]},"_coverageSchema":"332fd63041d2c1bcb487cc26dd0d5f7d97098a6c","hash":"0c733f762524cf3def97f9680f0defce88702d98"}
}
