TN:
SF:C:\work\github\dkjs\src\boot\dk-class.js
FN:31,_set_name
FN:41,(anonymous_1)
FN:46,(anonymous_2)
FN:50,(anonymous_3)
FN:62,(anonymous_4)
FN:68,(anonymous_5)
FN:80,(anonymous_6)
FN:91,(anonymous_7)
FNF:8
FNH:8
FNDA:10,_set_name
FNDA:12,(anonymous_1)
FNDA:2,(anonymous_2)
FNDA:1,(anonymous_3)
FNDA:7,(anonymous_4)
FNDA:9,(anonymous_5)
FNDA:5,(anonymous_6)
FNDA:2,(anonymous_7)
DA:32,10
DA:42,12
DA:43,12
DA:47,2
DA:51,1
DA:53,1
DA:54,1
DA:55,1
DA:56,1
DA:63,7
DA:64,7
DA:65,7
DA:69,9
DA:70,9
DA:72,9
DA:73,9
DA:75,9
DA:77,9
DA:80,9
DA:81,5
DA:82,5
DA:86,9
DA:87,3
DA:91,9
DA:92,9
LF:25
LH:25
BRDA:43,0,0,2
BRDA:43,0,1,10
BRDA:47,1,0,2
BRDA:47,1,1,1
BRDA:53,2,0,1
BRDA:64,3,0,1
BRDA:64,3,1,6
BRDA:75,4,0,2
BRDA:75,4,1,7
BRF:9
BRH:9
end_of_record
TN:
SF:C:\work\github\dkjs\src\boot\dk-namespace.js
FN:24,(anonymous_0)
FN:46,(anonymous_1)
FN:79,(anonymous_2)
FN:83,(anonymous_3)
FN:94,(anonymous_4)
FN:98,(anonymous_5)
FN:114,(anonymous_6)
FN:119,(anonymous_7)
FN:142,(anonymous_8)
FNF:9
FNH:9
FNDA:17,(anonymous_0)
FNDA:11,(anonymous_1)
FNDA:1,(anonymous_2)
FNDA:4,(anonymous_3)
FNDA:1,(anonymous_4)
FNDA:8,(anonymous_5)
FNDA:1,(anonymous_6)
FNDA:17,(anonymous_7)
FNDA:17,(anonymous_8)
DA:1,1
DA:4,1
DA:22,4
DA:23,4
DA:24,4
DA:25,17
DA:26,10
DA:27,2
DA:29,8
DA:32,17
DA:34,4
DA:44,2
DA:45,2
DA:46,2
DA:47,11
DA:49,2
DA:60,1
DA:69,1
DA:80,1
DA:81,1
DA:82,1
DA:84,4
DA:85,1
DA:86,3
DA:87,1
DA:89,2
DA:90,1
DA:92,1
DA:96,1
DA:99,8
DA:100,8
DA:101,7
DA:102,3
DA:104,4
DA:107,7
DA:108,6
DA:109,4
DA:112,7
DA:115,1
DA:119,1
DA:120,17
DA:121,1
DA:123,16
DA:124,1
DA:126,15
DA:127,4
DA:129,11
DA:130,1
DA:132,10
DA:133,1
DA:135,9
DA:136,8
DA:139,1
DA:142,1
DA:143,17
DA:144,1
DA:145,16
DA:146,16
DA:147,16
DA:148,16
DA:149,14
DA:152,14
LF:62
LH:62
BRDA:25,0,0,10
BRDA:25,0,1,7
BRDA:26,1,0,2
BRDA:26,1,1,8
BRDA:26,2,0,10
BRDA:26,2,1,4
BRDA:47,3,0,1
BRDA:47,3,1,10
BRDA:84,4,0,1
BRDA:84,4,1,3
BRDA:84,5,0,4
BRDA:84,5,1,2
BRDA:86,6,0,1
BRDA:86,6,1,2
BRDA:89,7,0,1
BRDA:89,7,1,1
BRDA:100,8,0,7
BRDA:100,8,1,0
BRDA:101,9,0,3
BRDA:101,9,1,4
BRDA:108,10,0,4
BRDA:108,10,1,2
BRDA:108,11,0,6
BRDA:108,11,1,6
BRDA:120,12,0,1
BRDA:120,12,1,16
BRDA:120,13,0,17
BRDA:120,13,1,17
BRDA:120,13,2,17
BRDA:123,14,0,1
BRDA:123,14,1,15
BRDA:126,15,0,4
BRDA:126,15,1,11
BRDA:126,16,0,15
BRDA:126,16,1,4
BRDA:129,17,0,1
BRDA:129,17,1,10
BRDA:129,18,0,11
BRDA:129,18,1,1
BRDA:132,19,0,1
BRDA:132,19,1,9
BRDA:132,20,0,10
BRDA:132,20,1,1
BRDA:135,21,0,8
BRDA:135,21,1,1
BRDA:135,22,0,9
BRDA:135,22,1,8
BRDA:143,23,0,1
BRDA:143,23,1,16
BRDA:148,24,0,14
BRDA:148,24,1,2
BRF:51
BRH:50
end_of_record
