TN:
SF:C:\work\github\dkjs\src\performance-timer.js
FN:5,(anonymous_0)
FN:15,(anonymous_1)
FN:16,(anonymous_2)
FNF:3
FNH:1
FNDA:2,(anonymous_0)
FNDA:0,(anonymous_1)
FNDA:0,(anonymous_2)
DA:2,1
DA:5,1
DA:6,2
DA:7,2
DA:8,2
DA:10,1
DA:12,2
DA:14,1
DA:15,1
DA:16,0
DA:18,1
LF:11
LH:10
BRDA:8,0,0,1
BRDA:8,0,1,1
BRF:2
BRH:2
end_of_record
TN:
SF:C:\work\github\dkjs\src\lifecycle\boot\dk-class.js
FN:34,_set_name
FN:44,(anonymous_1)
FN:49,(anonymous_2)
FN:53,(anonymous_3)
FN:65,(anonymous_4)
FN:71,(anonymous_5)
FN:83,(anonymous_6)
FN:94,(anonymous_7)
FNF:8
FNH:8
FNDA:10,_set_name
FNDA:12,(anonymous_1)
FNDA:2,(anonymous_2)
FNDA:1,(anonymous_3)
FNDA:7,(anonymous_4)
FNDA:9,(anonymous_5)
FNDA:5,(anonymous_6)
FNDA:2,(anonymous_7)
DA:35,10
DA:45,12
DA:46,12
DA:50,2
DA:54,1
DA:56,1
DA:57,1
DA:58,1
DA:59,1
DA:66,7
DA:67,7
DA:68,7
DA:72,9
DA:73,9
DA:75,9
DA:76,9
DA:78,9
DA:80,9
DA:83,9
DA:84,5
DA:85,5
DA:89,9
DA:90,3
DA:94,9
DA:95,9
DA:99,1
LF:26
LH:26
BRDA:46,0,0,2
BRDA:46,0,1,10
BRDA:50,1,0,2
BRDA:50,1,1,1
BRDA:56,2,0,1
BRDA:67,3,0,1
BRDA:67,3,1,6
BRDA:78,4,0,2
BRDA:78,4,1,7
BRF:9
BRH:9
end_of_record
TN:
SF:C:\work\github\dkjs\src\lifecycle\boot\dk-namespace.js
FN:26,(anonymous_0)
FN:48,(anonymous_1)
FN:81,(anonymous_2)
FN:85,(anonymous_3)
FN:96,(anonymous_4)
FN:100,(anonymous_5)
FN:116,(anonymous_6)
FN:121,(anonymous_7)
FN:144,(anonymous_8)
FNF:9
FNH:9
FNDA:17,(anonymous_0)
FNDA:11,(anonymous_1)
FNDA:1,(anonymous_2)
FNDA:4,(anonymous_3)
FNDA:1,(anonymous_4)
FNDA:8,(anonymous_5)
FNDA:1,(anonymous_6)
FNDA:17,(anonymous_7)
FNDA:17,(anonymous_8)
DA:24,4
DA:25,4
DA:26,4
DA:27,17
DA:28,10
DA:29,2
DA:31,8
DA:34,17
DA:36,4
DA:46,2
DA:47,2
DA:48,2
DA:49,11
DA:51,2
DA:62,1
DA:71,1
DA:82,1
DA:83,1
DA:84,1
DA:86,4
DA:87,1
DA:88,3
DA:89,1
DA:91,2
DA:92,1
DA:94,1
DA:98,1
DA:101,8
DA:102,8
DA:103,7
DA:104,3
DA:106,4
DA:109,7
DA:110,6
DA:111,4
DA:114,7
DA:117,1
DA:121,1
DA:122,17
DA:123,1
DA:125,16
DA:126,1
DA:128,15
DA:129,4
DA:131,11
DA:132,1
DA:134,10
DA:135,1
DA:137,9
DA:138,8
DA:141,1
DA:144,1
DA:145,17
DA:146,1
DA:147,16
DA:148,16
DA:149,16
DA:150,16
DA:151,14
DA:154,14
LF:60
LH:60
BRDA:27,0,0,10
BRDA:27,0,1,7
BRDA:28,1,0,2
BRDA:28,1,1,8
BRDA:28,2,0,10
BRDA:28,2,1,4
BRDA:49,3,0,1
BRDA:49,3,1,10
BRDA:86,4,0,1
BRDA:86,4,1,3
BRDA:86,5,0,4
BRDA:86,5,1,2
BRDA:88,6,0,1
BRDA:88,6,1,2
BRDA:91,7,0,1
BRDA:91,7,1,1
BRDA:102,8,0,7
BRDA:102,8,1,0
BRDA:103,9,0,3
BRDA:103,9,1,4
BRDA:110,10,0,4
BRDA:110,10,1,2
BRDA:110,11,0,6
BRDA:110,11,1,6
BRDA:122,12,0,1
BRDA:122,12,1,16
BRDA:122,13,0,17
BRDA:122,13,1,17
BRDA:122,13,2,17
BRDA:125,14,0,1
BRDA:125,14,1,15
BRDA:128,15,0,4
BRDA:128,15,1,11
BRDA:128,16,0,15
BRDA:128,16,1,4
BRDA:131,17,0,1
BRDA:131,17,1,10
BRDA:131,18,0,11
BRDA:131,18,1,1
BRDA:134,19,0,1
BRDA:134,19,1,9
BRDA:134,20,0,10
BRDA:134,20,1,1
BRDA:137,21,0,8
BRDA:137,21,1,1
BRDA:137,22,0,9
BRDA:137,22,1,8
BRDA:145,23,0,1
BRDA:145,23,1,16
BRDA:150,24,0,14
BRDA:150,24,1,2
BRF:51
BRH:50
end_of_record
